<?xml version="1.0" encoding="UTF-8"?>
<!-- Generated by org.testng.reporters.JUnitReportReporter -->
<testsuite hostname="PC-75" failures="0" tests="2" name="LoginTC.parallelDataprovider" time="7.394" errors="0" timestamp="2023-10-19T12:49:18 IST" skipped="0">
  <testcase classname="LoginTC.parallelDataprovider" name="signIn" time="3.755"/>
  <testcase classname="LoginTC.parallelDataprovider" name="signIn" time="3.639"/>
</testsuite> <!-- LoginTC.parallelDataprovider -->
