<?xml version="1.0" encoding="UTF-8"?>
<!-- Generated by org.testng.reporters.JUnitReportReporter -->
<testsuite hostname="PC-75" failures="0" tests="2" name="LoginTC.parallel" time="7.581" errors="0" timestamp="2023-10-19T12:42:43 IST" skipped="0">
  <testcase classname="LoginTC.parallel" name="signIn" time="3.723"/>
  <testcase classname="LoginTC.parallel" name="signIn" time="3.858"/>
</testsuite> <!-- LoginTC.parallel -->
