<?xml version="1.0" encoding="UTF-8"?>
<!-- Generated by org.testng.reporters.JUnitReportReporter -->
<testsuite hostname="PC-75" failures="0" tests="1" name="KycPageTC.KYCPage" time="41.611" errors="0" timestamp="2023-10-04T12:20:42 IST" skipped="0">
  <testcase classname="KycPageTC.KYCPage" name="KYCFormFill" time="41.611">
    <system-out>
      <![CDATA[true]]>
    </system-out>
  </testcase> <!-- KYCFormFill -->
  <system-out>
    <![CDATA[true]]>
  </system-out>
</testsuite> <!-- KycPageTC.KYCPage -->
