<?xml version="1.0" encoding="UTF-8"?>
<!-- Generated by org.testng.reporters.JUnitReportReporter -->
<testsuite hostname="PC-75" failures="0" tests="1" name="KycPageTC.KYCPageCompanyStructure2" time="9.339" errors="0" timestamp="2023-10-18T13:08:24 IST" skipped="0">
  <testcase classname="KycPageTC.KYCPageCompanyStructure2" name="KYCFormFill" time="9.339"/>
</testsuite> <!-- KycPageTC.KYCPageCompanyStructure2 -->
