<?xml version="1.0" encoding="UTF-8"?>
<!-- Generated by org.testng.reporters.JUnitReportReporter -->
<testsuite hostname="PC-75" failures="0" tests="1" name="KycPageTC.KYCPage" time="60.224" errors="0" timestamp="2023-10-16T17:29:36 IST" skipped="0">
  <testcase classname="KycPageTC.KYCPage" name="KYCFormFillDataprovider" time="60.224">
    <system-out>
      <![CDATA[true]]>
    </system-out>
  </testcase> <!-- KYCFormFillDataprovider -->
  <system-out>
    <![CDATA[true]]>
  </system-out>
</testsuite> <!-- KycPageTC.KYCPage -->
