<?xml version="1.0" encoding="UTF-8"?>
<!-- Generated by org.testng.reporters.JUnitReportReporter -->
<testsuite hostname="PC-75" failures="0" tests="1" name="KycPageTC.KYCPreviewPageTC" time="52.230" errors="0" timestamp="2023-10-19T20:01:55 IST" skipped="0">
  <testcase classname="KycPageTC.KYCPreviewPageTC" name="KYCFormFillForPreview" time="52.230"/>
  <system-out>
    <![CDATA[% and country is Required]]>
  </system-out>
</testsuite> <!-- KycPageTC.KYCPreviewPageTC -->
