<?xml version="1.0" encoding="UTF-8"?>
<!-- Generated by org.testng.reporters.JUnitReportReporter -->
<testsuite hostname="PC-75" failures="0" tests="1" name="KycPageTC.KYCPageCompanyStructure" time="9.916" errors="0" timestamp="2023-10-18T13:38:57 IST" skipped="0">
  <testcase classname="KycPageTC.KYCPageCompanyStructure" name="KYCFormFill" time="9.916"/>
</testsuite> <!-- KycPageTC.KYCPageCompanyStructure -->
