<?xml version="1.0" encoding="UTF-8"?>
<!-- Generated by org.testng.reporters.JUnitReportReporter -->
<testsuite hostname="PC-75" failures="0" tests="2" name="LoginTC.CrossBrowser" time="7.306" errors="0" timestamp="2023-10-19T14:43:59 IST" skipped="0">
  <testcase classname="LoginTC.CrossBrowser" name="signIn" time="3.872"/>
  <testcase classname="LoginTC.CrossBrowser" name="signIn" time="3.434"/>
</testsuite> <!-- LoginTC.CrossBrowser -->
