<?xml version="1.0" encoding="UTF-8"?>
<!-- Generated by org.testng.reporters.JUnitReportReporter -->
<testsuite hostname="PC-75" failures="0" tests="2" name="LoginTC.LoginWithTrueFalseCredential" time="47.742" errors="0" timestamp="2023-10-18T20:13:02 IST" skipped="0">
  <testcase classname="LoginTC.LoginWithTrueFalseCredential" name="signIn" time="23.842"/>
  <testcase classname="LoginTC.LoginWithTrueFalseCredential" name="signIn" time="23.900"/>
</testsuite> <!-- LoginTC.LoginWithTrueFalseCredential -->
