<?xml version="1.0" encoding="UTF-8"?>
<!-- Generated by org.testng.reporters.JUnitReportReporter -->
<testsuite hostname="PC-75" failures="0" tests="1" name="KycPageTC.KYCPageTC1" time="52.572" errors="0" timestamp="2023-10-19T20:03:57 IST" skipped="0">
  <testcase classname="KycPageTC.KYCPageTC1" name="KYCFormFillDataprovider" time="52.572">
    <system-out>
      <![CDATA[% and country is Required]]>
    </system-out>
  </testcase> <!-- KYCFormFillDataprovider -->
  <system-out>
    <![CDATA[% and country is Required]]>
  </system-out>
</testsuite> <!-- KycPageTC.KYCPageTC1 -->
