<?xml version="1.0" encoding="UTF-8"?>
<!-- Generated by org.testng.reporters.JUnitReportReporter -->
<testsuite hostname="PC-75" failures="0" tests="2" name="LoginTC.CrossBrowser" time="14.623" errors="0" timestamp="2023-10-24T17:41:56 IST" skipped="0">
  <testcase classname="LoginTC.CrossBrowser" name="signIn" time="5.677"/>
  <testcase classname="LoginTC.CrossBrowser" name="signIn" time="8.946"/>
</testsuite> <!-- LoginTC.CrossBrowser -->
