<?xml version="1.0" encoding="UTF-8"?>
<!-- Generated by org.testng.reporters.JUnitReportReporter -->
<testsuite hostname="PC-75" failures="0" tests="1" name="KycPageTC.KYCPageTC1" time="44.755" errors="0" timestamp="2023-10-18T14:44:13 IST" skipped="0">
  <testcase classname="KycPageTC.KYCPageTC1" name="KYCFormFillDataprovider" time="44.755"/>
</testsuite> <!-- KycPageTC.KYCPageTC1 -->
